2018-05-21 00:03:41.404  INFO 16264 --- [main] lingjia.wang.Application                 : Starting Application on BUSWE with PID 16264 (D:\code\buswe\base\target\classes started by wangyunquan in D:\code\buswe\base)
2018-05-21 00:03:41.454  INFO 16264 --- [main] lingjia.wang.Application                 : No active profile set, falling back to default profiles: default
2018-05-21 00:03:41.530  INFO 16264 --- [main] ConfigServletWebServerApplicationContext : Refreshing org.springframework.boot.web.servlet.context.AnnotationConfigServletWebServerApplicationContext@5ba88be8: startup date [Mon May 21 00:03:41 CST 2018]; root of context hierarchy
2018-05-21 00:03:43.658  INFO 16264 --- [main] trationDelegate$BeanPostProcessorChecker : Bean 'shiroConfig' of type [lingjia.wang.config.ShiroConfig$$EnhancerBySpringCGLIB$$bd03bbb5] is not eligible for getting processed by all BeanPostProcessors (for example: not eligible for auto-proxying)
2018-05-21 00:03:43.774  INFO 16264 --- [main] trationDelegate$BeanPostProcessorChecker : Bean 'rememberMeCookie' of type [org.apache.shiro.web.servlet.SimpleCookie] is not eligible for getting processed by all BeanPostProcessors (for example: not eligible for auto-proxying)
2018-05-21 00:03:44.420  INFO 16264 --- [main] trationDelegate$BeanPostProcessorChecker : Bean 'rememberMeManager' of type [org.apache.shiro.web.mgt.CookieRememberMeManager] is not eligible for getting processed by all BeanPostProcessors (for example: not eligible for auto-proxying)
2018-05-21 00:03:44.425  INFO 16264 --- [main] trationDelegate$BeanPostProcessorChecker : Bean 'cacheConfig' of type [lingjia.wang.config.CacheConfig$$EnhancerBySpringCGLIB$$4dcaf9a6] is not eligible for getting processed by all BeanPostProcessors (for example: not eligible for auto-proxying)
2018-05-21 00:03:44.435  INFO 16264 --- [main] o.s.c.ehcache.EhCacheManagerFactoryBean  : Initializing EhCache CacheManager
2018-05-21 00:03:44.737  INFO 16264 --- [main] trationDelegate$BeanPostProcessorChecker : Bean 'ehCacheManagerFactoryBean' of type [org.springframework.cache.ehcache.EhCacheManagerFactoryBean] is not eligible for getting processed by all BeanPostProcessors (for example: not eligible for auto-proxying)
2018-05-21 00:03:44.745  INFO 16264 --- [main] trationDelegate$BeanPostProcessorChecker : Bean 'getCacheShiroManager' of type [org.apache.shiro.cache.ehcache.EhCacheManager] is not eligible for getting processed by all BeanPostProcessors (for example: not eligible for auto-proxying)
2018-05-21 00:03:44.761  INFO 16264 --- [main] trationDelegate$BeanPostProcessorChecker : Bean 'defaultWebSessionManager' of type [org.apache.shiro.web.session.mgt.DefaultWebSessionManager] is not eligible for getting processed by all BeanPostProcessors (for example: not eligible for auto-proxying)
2018-05-21 00:03:44.860  INFO 16264 --- [main] trationDelegate$BeanPostProcessorChecker : Bean '(inner bean)#12b5736c' of type [org.springframework.beans.factory.config.PropertiesFactoryBean] is not eligible for getting processed by all BeanPostProcessors (for example: not eligible for auto-proxying)
2018-05-21 00:03:44.860  INFO 16264 --- [main] trationDelegate$BeanPostProcessorChecker : Bean '(inner bean)#12b5736c' of type [java.util.Properties] is not eligible for getting processed by all BeanPostProcessors (for example: not eligible for auto-proxying)
2018-05-21 00:03:44.864  INFO 16264 --- [main] trationDelegate$BeanPostProcessorChecker : Bean '(inner bean)#7bf01cb' of type [org.springframework.data.repository.core.support.PropertiesBasedNamedQueries] is not eligible for getting processed by all BeanPostProcessors (for example: not eligible for auto-proxying)
2018-05-21 00:03:44.875  INFO 16264 --- [main] trationDelegate$BeanPostProcessorChecker : Bean '(inner bean)#7316523a' of type [org.springframework.data.repository.core.support.RepositoryFragmentsFactoryBean] is not eligible for getting processed by all BeanPostProcessors (for example: not eligible for auto-proxying)
2018-05-21 00:03:44.875  INFO 16264 --- [main] trationDelegate$BeanPostProcessorChecker : Bean '(inner bean)#7316523a' of type [org.springframework.data.repository.core.support.RepositoryComposition$RepositoryFragments] is not eligible for getting processed by all BeanPostProcessors (for example: not eligible for auto-proxying)
2018-05-21 00:03:44.881  INFO 16264 --- [main] trationDelegate$BeanPostProcessorChecker : Bean '(inner bean)#4364863' of type [org.springframework.data.repository.query.ExtensionAwareEvaluationContextProvider] is not eligible for getting processed by all BeanPostProcessors (for example: not eligible for auto-proxying)
2018-05-21 00:03:44.926  INFO 16264 --- [main] trationDelegate$BeanPostProcessorChecker : Bean 'com.alibaba.druid.spring.boot.autoconfigure.DruidDataSourceAutoConfigure' of type [com.alibaba.druid.spring.boot.autoconfigure.DruidDataSourceAutoConfigure$$EnhancerBySpringCGLIB$$c29b16d2] is not eligible for getting processed by all BeanPostProcessors (for example: not eligible for auto-proxying)
2018-05-21 00:03:44.930  INFO 16264 --- [main] c.a.d.s.b.a.DruidDataSourceAutoConfigure : Init DruidDataSource
2018-05-21 00:03:45.065  INFO 16264 --- [main] trationDelegate$BeanPostProcessorChecker : Bean 'org.springframework.boot.context.properties.ConversionServiceDeducer$Factory' of type [org.springframework.boot.context.properties.ConversionServiceDeducer$Factory] is not eligible for getting processed by all BeanPostProcessors (for example: not eligible for auto-proxying)
2018-05-21 00:03:45.095  INFO 16264 --- [main] trationDelegate$BeanPostProcessorChecker : Bean 'spring.datasource-org.springframework.boot.autoconfigure.jdbc.DataSourceProperties' of type [org.springframework.boot.autoconfigure.jdbc.DataSourceProperties] is not eligible for getting processed by all BeanPostProcessors (for example: not eligible for auto-proxying)
2018-05-21 00:03:45.115  INFO 16264 --- [main] trationDelegate$BeanPostProcessorChecker : Bean 'com.alibaba.druid.spring.boot.autoconfigure.stat.DruidFilterConfiguration' of type [com.alibaba.druid.spring.boot.autoconfigure.stat.DruidFilterConfiguration] is not eligible for getting processed by all BeanPostProcessors (for example: not eligible for auto-proxying)
2018-05-21 00:03:45.164  INFO 16264 --- [main] trationDelegate$BeanPostProcessorChecker : Bean 'statFilter' of type [com.alibaba.druid.filter.stat.StatFilter] is not eligible for getting processed by all BeanPostProcessors (for example: not eligible for auto-proxying)
2018-05-21 00:03:45.241  INFO 16264 --- [main] com.alibaba.druid.pool.DruidDataSource   : {dataSource-1} inited
2018-05-21 00:03:45.241  INFO 16264 --- [main] trationDelegate$BeanPostProcessorChecker : Bean 'dataSource' of type [com.alibaba.druid.spring.boot.autoconfigure.DruidDataSourceWrapper] is not eligible for getting processed by all BeanPostProcessors (for example: not eligible for auto-proxying)
2018-05-21 00:03:45.247  INFO 16264 --- [main] trationDelegate$BeanPostProcessorChecker : Bean 'spring.jpa-org.springframework.boot.autoconfigure.orm.jpa.JpaProperties' of type [org.springframework.boot.autoconfigure.orm.jpa.JpaProperties] is not eligible for getting processed by all BeanPostProcessors (for example: not eligible for auto-proxying)
2018-05-21 00:03:45.259  INFO 16264 --- [main] trationDelegate$BeanPostProcessorChecker : Bean 'org.springframework.boot.autoconfigure.transaction.TransactionAutoConfiguration' of type [org.springframework.boot.autoconfigure.transaction.TransactionAutoConfiguration$$EnhancerBySpringCGLIB$$3d631c6a] is not eligible for getting processed by all BeanPostProcessors (for example: not eligible for auto-proxying)
2018-05-21 00:03:45.271  INFO 16264 --- [main] trationDelegate$BeanPostProcessorChecker : Bean 'spring.transaction-org.springframework.boot.autoconfigure.transaction.TransactionProperties' of type [org.springframework.boot.autoconfigure.transaction.TransactionProperties] is not eligible for getting processed by all BeanPostProcessors (for example: not eligible for auto-proxying)
2018-05-21 00:03:45.280  INFO 16264 --- [main] trationDelegate$BeanPostProcessorChecker : Bean 'platformTransactionManagerCustomizers' of type [org.springframework.boot.autoconfigure.transaction.TransactionManagerCustomizers] is not eligible for getting processed by all BeanPostProcessors (for example: not eligible for auto-proxying)
2018-05-21 00:03:45.289  INFO 16264 --- [main] trationDelegate$BeanPostProcessorChecker : Bean 'org.springframework.boot.autoconfigure.jdbc.metadata.DataSourcePoolMetadataProvidersConfiguration$HikariPoolDataSourceMetadataProviderConfiguration' of type [org.springframework.boot.autoconfigure.jdbc.metadata.DataSourcePoolMetadataProvidersConfiguration$HikariPoolDataSourceMetadataProviderConfiguration$$EnhancerBySpringCGLIB$$9464944] is not eligible for getting processed by all BeanPostProcessors (for example: not eligible for auto-proxying)
2018-05-21 00:03:45.334  INFO 16264 --- [main] trationDelegate$BeanPostProcessorChecker : Bean 'hikariPoolDataSourceMetadataProvider' of type [org.springframework.boot.autoconfigure.jdbc.metadata.DataSourcePoolMetadataProvidersConfiguration$HikariPoolDataSourceMetadataProviderConfiguration$$Lambda$257/1710491273] is not eligible for getting processed by all BeanPostProcessors (for example: not eligible for auto-proxying)
2018-05-21 00:03:45.353  INFO 16264 --- [main] trationDelegate$BeanPostProcessorChecker : Bean 'org.springframework.boot.autoconfigure.orm.jpa.HibernateJpaConfiguration' of type [org.springframework.boot.autoconfigure.orm.jpa.HibernateJpaConfiguration$$EnhancerBySpringCGLIB$$c7c5e3cf] is not eligible for getting processed by all BeanPostProcessors (for example: not eligible for auto-proxying)
2018-05-21 00:03:45.768  INFO 16264 --- [main] trationDelegate$BeanPostProcessorChecker : Bean 'jpaVendorAdapter' of type [org.springframework.orm.jpa.vendor.HibernateJpaVendorAdapter] is not eligible for getting processed by all BeanPostProcessors (for example: not eligible for auto-proxying)
2018-05-21 00:03:45.771  INFO 16264 --- [main] trationDelegate$BeanPostProcessorChecker : Bean 'entityManagerFactoryBuilder' of type [org.springframework.boot.orm.jpa.EntityManagerFactoryBuilder] is not eligible for getting processed by all BeanPostProcessors (for example: not eligible for auto-proxying)
2018-05-21 00:03:45.806  INFO 16264 --- [main] j.LocalContainerEntityManagerFactoryBean : Building JPA container EntityManagerFactory for persistence unit 'default'
2018-05-21 00:03:45.824  INFO 16264 --- [main] o.hibernate.jpa.internal.util.LogHelper  : HHH000204: Processing PersistenceUnitInfo [
	name: default
	...]
2018-05-21 00:03:45.900  INFO 16264 --- [main] org.hibernate.Version                    : HHH000412: Hibernate Core {5.2.16.Final}
2018-05-21 00:03:45.902  INFO 16264 --- [main] org.hibernate.cfg.Environment            : HHH000206: hibernate.properties not found
2018-05-21 00:03:45.948  INFO 16264 --- [main] o.hibernate.annotations.common.Version   : HCANN000001: Hibernate Commons Annotations {5.0.1.Final}
2018-05-21 00:03:46.176  INFO 16264 --- [main] org.hibernate.dialect.Dialect            : HHH000400: Using dialect: org.hibernate.dialect.MySQL5Dialect
2018-05-21 00:03:47.427  INFO 16264 --- [main] j.LocalContainerEntityManagerFactoryBean : Initialized JPA EntityManagerFactory for persistence unit 'default'
2018-05-21 00:03:47.429  INFO 16264 --- [main] trationDelegate$BeanPostProcessorChecker : Bean 'entityManagerFactory' of type [org.springframework.orm.jpa.LocalContainerEntityManagerFactoryBean] is not eligible for getting processed by all BeanPostProcessors (for example: not eligible for auto-proxying)
2018-05-21 00:03:47.429  INFO 16264 --- [main] trationDelegate$BeanPostProcessorChecker : Bean 'entityManagerFactory' of type [com.sun.proxy.$Proxy77] is not eligible for getting processed by all BeanPostProcessors (for example: not eligible for auto-proxying)
2018-05-21 00:03:47.445  INFO 16264 --- [main] trationDelegate$BeanPostProcessorChecker : Bean '(inner bean)#611640f0' of type [com.sun.proxy.$Proxy78] is not eligible for getting processed by all BeanPostProcessors (for example: not eligible for auto-proxying)
2018-05-21 00:03:47.575  INFO 16264 --- [main] trationDelegate$BeanPostProcessorChecker : Bean 'jpaMappingContext' of type [org.springframework.data.jpa.repository.config.JpaMetamodelMappingContextFactoryBean] is not eligible for getting processed by all BeanPostProcessors (for example: not eligible for auto-proxying)
2018-05-21 00:03:47.575  INFO 16264 --- [main] trationDelegate$BeanPostProcessorChecker : Bean 'jpaMappingContext' of type [org.springframework.data.jpa.mapping.JpaMetamodelMappingContext] is not eligible for getting processed by all BeanPostProcessors (for example: not eligible for auto-proxying)
2018-05-21 00:03:47.857  INFO 16264 --- [main] trationDelegate$BeanPostProcessorChecker : Bean 'userRepository' of type [org.springframework.data.jpa.repository.support.JpaRepositoryFactoryBean] is not eligible for getting processed by all BeanPostProcessors (for example: not eligible for auto-proxying)
2018-05-21 00:03:47.858  INFO 16264 --- [main] trationDelegate$BeanPostProcessorChecker : Bean 'userRepository' of type [com.sun.proxy.$Proxy81] is not eligible for getting processed by all BeanPostProcessors (for example: not eligible for auto-proxying)
2018-05-21 00:03:47.860  INFO 16264 --- [main] trationDelegate$BeanPostProcessorChecker : Bean 'userServiceImpl' of type [lingjia.wang.service.impl.UserServiceImpl] is not eligible for getting processed by all BeanPostProcessors (for example: not eligible for auto-proxying)
2018-05-21 00:03:47.860  INFO 16264 --- [main] trationDelegate$BeanPostProcessorChecker : Bean 'shiroAccountRealm' of type [lingjia.wang.security.shiro.AccountRealm] is not eligible for getting processed by all BeanPostProcessors (for example: not eligible for auto-proxying)
2018-05-21 00:03:47.866  INFO 16264 --- [main] trationDelegate$BeanPostProcessorChecker : Bean 'accountSubjectFactory' of type [lingjia.wang.security.shiro.AccountSubjectFactory] is not eligible for getting processed by all BeanPostProcessors (for example: not eligible for auto-proxying)
2018-05-21 00:03:47.875  INFO 16264 --- [main] trationDelegate$BeanPostProcessorChecker : Bean 'securityManager' of type [org.apache.shiro.web.mgt.DefaultWebSecurityManager] is not eligible for getting processed by all BeanPostProcessors (for example: not eligible for auto-proxying)
2018-05-21 00:03:47.883  INFO 16264 --- [main] trationDelegate$BeanPostProcessorChecker : Bean 'methodInvokingFactoryBean' of type [org.springframework.beans.factory.config.MethodInvokingFactoryBean] is not eligible for getting processed by all BeanPostProcessors (for example: not eligible for auto-proxying)
2018-05-21 00:03:47.899  INFO 16264 --- [main] trationDelegate$BeanPostProcessorChecker : Bean 'org.apache.shiro.spring.boot.autoconfigure.ShiroAnnotationProcessorAutoConfiguration' of type [org.apache.shiro.spring.boot.autoconfigure.ShiroAnnotationProcessorAutoConfiguration$$EnhancerBySpringCGLIB$$be9b3db5] is not eligible for getting processed by all BeanPostProcessors (for example: not eligible for auto-proxying)
2018-05-21 00:03:47.973  INFO 16264 --- [main] trationDelegate$BeanPostProcessorChecker : Bean 'authorizationAttributeSourceAdvisor' of type [org.apache.shiro.spring.security.interceptor.AuthorizationAttributeSourceAdvisor] is not eligible for getting processed by all BeanPostProcessors (for example: not eligible for auto-proxying)
2018-05-21 00:03:47.997  INFO 16264 --- [main] trationDelegate$BeanPostProcessorChecker : Bean 'org.springframework.transaction.annotation.ProxyTransactionManagementConfiguration' of type [org.springframework.transaction.annotation.ProxyTransactionManagementConfiguration$$EnhancerBySpringCGLIB$$a8ef2160] is not eligible for getting processed by all BeanPostProcessors (for example: not eligible for auto-proxying)
2018-05-21 00:03:48.035  INFO 16264 --- [main] trationDelegate$BeanPostProcessorChecker : Bean 'org.springframework.cache.annotation.ProxyCachingConfiguration' of type [org.springframework.cache.annotation.ProxyCachingConfiguration$$EnhancerBySpringCGLIB$$f201577e] is not eligible for getting processed by all BeanPostProcessors (for example: not eligible for auto-proxying)
2018-05-21 00:03:48.092  INFO 16264 --- [main] trationDelegate$BeanPostProcessorChecker : Bean 'org.apache.shiro.spring.boot.autoconfigure.ShiroBeanAutoConfiguration' of type [org.apache.shiro.spring.boot.autoconfigure.ShiroBeanAutoConfiguration$$EnhancerBySpringCGLIB$$bc07ff10] is not eligible for getting processed by all BeanPostProcessors (for example: not eligible for auto-proxying)
2018-05-21 00:03:48.100  INFO 16264 --- [main] trationDelegate$BeanPostProcessorChecker : Bean 'eventBus' of type [org.apache.shiro.event.support.DefaultEventBus] is not eligible for getting processed by all BeanPostProcessors (for example: not eligible for auto-proxying)
2018-05-21 00:03:48.493  INFO 16264 --- [main] o.s.b.w.embedded.tomcat.TomcatWebServer  : Tomcat initialized with port(s): 8090 (http)
2018-05-21 00:03:48.526  INFO 16264 --- [main] o.apache.catalina.core.StandardService   : Starting service [Tomcat]
2018-05-21 00:03:48.526  INFO 16264 --- [main] org.apache.catalina.core.StandardEngine  : Starting Servlet Engine: Apache Tomcat/8.5.29
2018-05-21 00:03:48.539  INFO 16264 --- [localhost-startStop-1] o.a.catalina.core.AprLifecycleListener   : The APR based Apache Tomcat Native library which allows optimal performance in production environments was not found on the java.library.path: [C:\Program Files\Java\jdk1.8.0_144\bin;C:\WINDOWS\Sun\Java\bin;C:\WINDOWS\system32;C:\WINDOWS;C:\ProgramData\Oracle\Java\javapath;C:\WINDOWS\system32;C:\WINDOWS;C:\WINDOWS\System32\Wbem;C:\WINDOWS\System32\WindowsPowerShell\v1.0\;C:\Program Files\Git\cmd;C:\Users\wangyunquan\AppData\Local\Microsoft\WindowsApps;C:\Users\wangyunquan\tools\apache-maven-3.5.0\bin;;.]
2018-05-21 00:03:48.970  INFO 16264 --- [localhost-startStop-1] o.a.c.c.C.[Tomcat].[localhost].[/]       : Initializing Spring embedded WebApplicationContext
2018-05-21 00:03:48.970  INFO 16264 --- [localhost-startStop-1] o.s.web.context.ContextLoader            : Root WebApplicationContext: initialization completed in 7440 ms
2018-05-21 00:03:49.405  INFO 16264 --- [localhost-startStop-1] o.s.b.w.servlet.FilterRegistrationBean   : Mapping filter: 'characterEncodingFilter' to: [/*]
2018-05-21 00:03:49.405  INFO 16264 --- [localhost-startStop-1] o.s.b.w.servlet.FilterRegistrationBean   : Mapping filter: 'xssFilter' to urls: [/*]
2018-05-21 00:03:49.405  INFO 16264 --- [localhost-startStop-1] o.s.b.w.servlet.FilterRegistrationBean   : Mapping filter: 'webStatFilter' to urls: [/*]
2018-05-21 00:03:49.405  INFO 16264 --- [localhost-startStop-1] o.s.b.w.servlet.FilterRegistrationBean   : Mapping filter: 'shiroFilter' to: [/*]
2018-05-21 00:03:49.405  INFO 16264 --- [localhost-startStop-1] o.s.b.w.servlet.ServletRegistrationBean  : Servlet dispatcherServlet mapped to [/]
2018-05-21 00:03:49.407  INFO 16264 --- [localhost-startStop-1] o.s.b.w.servlet.ServletRegistrationBean  : Servlet statViewServlet mapped to [/druid/*]
2018-05-21 00:03:49.407  INFO 16264 --- [localhost-startStop-1] o.s.b.w.servlet.ServletRegistrationBean  : Servlet webServlet mapped to [/h2-console/*]
2018-05-21 00:03:49.566  INFO 16264 --- [main] o.s.w.s.v.f.FreeMarkerConfigurer         : ClassTemplateLoader for Spring macros added to FreeMarker configuration
2018-05-21 00:03:50.608  INFO 16264 --- [main] o.h.h.i.QueryTranslatorFactoryInitiator  : HHH000397: Using ASTQueryTranslatorFactory
2018-05-21 00:03:51.628  WARN 16264 --- [main] aWebConfiguration$JpaWebMvcConfiguration : spring.jpa.open-in-view is enabled by default. Therefore, database queries may be performed during view rendering. Explicitly configure spring.jpa.open-in-view to disable this warning
2018-05-21 00:03:51.764  INFO 16264 --- [main] s.w.s.m.m.a.RequestMappingHandlerMapping : Mapped "{[/admin || /admin/index],methods=[GET]}" onto public java.lang.String lingjia.wang.web.controller.admin.AdminController.index(org.springframework.ui.Model,javax.servlet.http.HttpSession)
2018-05-21 00:03:51.764  INFO 16264 --- [main] s.w.s.m.m.a.RequestMappingHandlerMapping : Mapped "{[/admin/logs/clear],methods=[GET]}" onto public java.lang.String lingjia.wang.web.controller.admin.AdminController.logsClear()
2018-05-21 00:03:51.764  INFO 16264 --- [main] s.w.s.m.m.a.RequestMappingHandlerMapping : Mapped "{[/admin/halo],methods=[GET]}" onto public java.lang.String lingjia.wang.web.controller.admin.AdminController.halo()
2018-05-21 00:03:51.764  INFO 16264 --- [main] s.w.s.m.m.a.RequestMappingHandlerMapping : Mapped "{[/admin/logOut],methods=[GET]}" onto public java.lang.String lingjia.wang.web.controller.admin.AdminController.logOut(javax.servlet.http.HttpSession)
2018-05-21 00:03:51.764  INFO 16264 --- [main] s.w.s.m.m.a.RequestMappingHandlerMapping : Mapped "{[/admin/logs],methods=[GET]}" onto public java.lang.String lingjia.wang.web.controller.admin.AdminController.logs(org.springframework.ui.Model,java.lang.Integer,java.lang.Integer)
2018-05-21 00:03:51.771  INFO 16264 --- [main] s.w.s.m.m.a.RequestMappingHandlerMapping : Mapped "{[/admin/attachments/upload/editor],methods=[POST],produces=[application/json;charset=UTF-8]}" onto public java.util.Map<java.lang.String, java.lang.Object> lingjia.wang.web.controller.admin.AttachmentController.editorUpload(org.springframework.web.multipart.MultipartFile,javax.servlet.http.HttpServletRequest)
2018-05-21 00:03:51.771  INFO 16264 --- [main] s.w.s.m.m.a.RequestMappingHandlerMapping : Mapped "{[/admin/attachments/upload],methods=[POST],produces=[application/json;charset=UTF-8]}" onto public java.util.Map<java.lang.String, java.lang.Object> lingjia.wang.web.controller.admin.AttachmentController.upload(org.springframework.web.multipart.MultipartFile,javax.servlet.http.HttpServletRequest)
2018-05-21 00:03:51.771  INFO 16264 --- [main] s.w.s.m.m.a.RequestMappingHandlerMapping : Mapped "{[/admin/attachments/select],methods=[GET]}" onto public java.lang.String lingjia.wang.web.controller.admin.AttachmentController.selectAttachment(org.springframework.ui.Model,java.lang.Integer,java.lang.String,java.lang.String)
2018-05-21 00:03:51.771  INFO 16264 --- [main] s.w.s.m.m.a.RequestMappingHandlerMapping : Mapped "{[/admin/attachments/remove],methods=[GET]}" onto public boolean lingjia.wang.web.controller.admin.AttachmentController.removeAttachment(java.lang.Long,javax.servlet.http.HttpServletRequest)
2018-05-21 00:03:51.771  INFO 16264 --- [main] s.w.s.m.m.a.RequestMappingHandlerMapping : Mapped "{[/admin/attachments/attachment],methods=[GET]}" onto public java.lang.String lingjia.wang.web.controller.admin.AttachmentController.attachmentDetail(org.springframework.ui.Model,java.lang.Long)
2018-05-21 00:03:51.771  INFO 16264 --- [main] s.w.s.m.m.a.RequestMappingHandlerMapping : Mapped "{[/admin/attachments],methods=[GET]}" onto public java.lang.String lingjia.wang.web.controller.admin.AttachmentController.attachments(org.springframework.ui.Model,java.lang.Integer,java.lang.Integer)
2018-05-21 00:03:51.776  INFO 16264 --- [main] s.w.s.m.m.a.RequestMappingHandlerMapping : Mapped "{[/admin/backup],methods=[GET]}" onto public java.lang.String lingjia.wang.web.controller.admin.BackupController.backup()
2018-05-21 00:03:51.776  INFO 16264 --- [main] s.w.s.m.m.a.RequestMappingHandlerMapping : Mapped "{[/admin/backup/backupDb],methods=[GET]}" onto public java.lang.String lingjia.wang.web.controller.admin.BackupController.backupDatabase()
2018-05-21 00:03:51.776  INFO 16264 --- [main] s.w.s.m.m.a.RequestMappingHandlerMapping : Mapped "{[/admin/backup/backupPost],methods=[GET]}" onto public java.lang.String lingjia.wang.web.controller.admin.BackupController.backupPosts()
2018-05-21 00:03:51.776  INFO 16264 --- [main] s.w.s.m.m.a.RequestMappingHandlerMapping : Mapped "{[/admin/backup/backupRe],methods=[GET]}" onto public java.lang.String lingjia.wang.web.controller.admin.BackupController.backupResources()
2018-05-21 00:03:51.784  INFO 16264 --- [main] s.w.s.m.m.a.RequestMappingHandlerMapping : Mapped "{[/admin/category/edit],methods=[GET]}" onto public java.lang.String lingjia.wang.web.controller.admin.CategoryController.toEditCategory(org.springframework.ui.Model,java.lang.Long)
2018-05-21 00:03:51.784  INFO 16264 --- [main] s.w.s.m.m.a.RequestMappingHandlerMapping : Mapped "{[/admin/category/remove],methods=[GET]}" onto public java.lang.String lingjia.wang.web.controller.admin.CategoryController.removeCategory(java.lang.Long)
2018-05-21 00:03:51.784  INFO 16264 --- [main] s.w.s.m.m.a.RequestMappingHandlerMapping : Mapped "{[/admin/category/save],methods=[POST]}" onto public java.lang.String lingjia.wang.web.controller.admin.CategoryController.saveCategory(lingjia.wang.model.domain.Category)
2018-05-21 00:03:51.784  INFO 16264 --- [main] s.w.s.m.m.a.RequestMappingHandlerMapping : Mapped "{[/admin/category],methods=[GET]}" onto public java.lang.String lingjia.wang.web.controller.admin.CategoryController.categories()
2018-05-21 00:03:51.784  INFO 16264 --- [main] s.w.s.m.m.a.RequestMappingHandlerMapping : Mapped "{[/admin/category/checkUrl],methods=[GET]}" onto public boolean lingjia.wang.web.controller.admin.CategoryController.checkCateUrlExists(java.lang.String)
2018-05-21 00:03:51.784  INFO 16264 --- [main] s.w.s.m.m.a.RequestMappingHandlerMapping : Mapped "{[/admin/comments],methods=[GET]}" onto public java.lang.String lingjia.wang.web.controller.admin.CommentController.comments(org.springframework.ui.Model,java.lang.Integer,java.lang.Integer,java.lang.Integer)
2018-05-21 00:03:51.788  INFO 16264 --- [main] s.w.s.m.m.a.RequestMappingHandlerMapping : Mapped "{[/admin/comments/revert],methods=[GET]}" onto public java.lang.String lingjia.wang.web.controller.admin.CommentController.moveToPublish(java.lang.Long,java.lang.Integer)
2018-05-21 00:03:51.788  INFO 16264 --- [main] s.w.s.m.m.a.RequestMappingHandlerMapping : Mapped "{[/admin/comments/remove],methods=[GET]}" onto public java.lang.String lingjia.wang.web.controller.admin.CommentController.moveToAway(java.lang.Long,java.lang.Integer)
2018-05-21 00:03:51.788  INFO 16264 --- [main] s.w.s.m.m.a.RequestMappingHandlerMapping : Mapped "{[/admin/comments/throw],methods=[GET]}" onto public java.lang.String lingjia.wang.web.controller.admin.CommentController.moveToTrash(java.lang.Long,java.lang.String)
2018-05-21 00:03:51.788  INFO 16264 --- [main] s.w.s.m.m.a.RequestMappingHandlerMapping : Mapped "{[/admin/comments/reply],methods=[POST]}" onto public java.lang.String lingjia.wang.web.controller.admin.CommentController.replyComment(java.lang.Long,java.lang.Long,java.lang.String,java.lang.String,javax.servlet.http.HttpServletRequest,javax.servlet.http.HttpSession)
2018-05-21 00:03:51.789  INFO 16264 --- [main] s.w.s.m.m.a.RequestMappingHandlerMapping : Mapped "{[/login],methods=[GET]}" onto public java.lang.String lingjia.wang.web.controller.admin.LoginController.login(javax.servlet.http.HttpSession)
2018-05-21 00:03:51.789  INFO 16264 --- [main] s.w.s.m.m.a.RequestMappingHandlerMapping : Mapped "{[/getLogin],methods=[POST]}" onto public java.lang.String lingjia.wang.web.controller.admin.LoginController.getLogin(java.lang.String,java.lang.String,javax.servlet.http.HttpSession,javax.servlet.http.HttpServletRequest)
2018-05-21 00:03:51.789  INFO 16264 --- [main] s.w.s.m.m.a.RequestMappingHandlerMapping : Mapped "{[/admin/menus/save],methods=[POST]}" onto public java.lang.String lingjia.wang.web.controller.admin.MenuController.saveMenu(lingjia.wang.model.domain.Menu)
2018-05-21 00:03:51.789  INFO 16264 --- [main] s.w.s.m.m.a.RequestMappingHandlerMapping : Mapped "{[/admin/menus/edit],methods=[GET]}" onto public java.lang.String lingjia.wang.web.controller.admin.MenuController.updateMenu(java.lang.Long,org.springframework.ui.Model)
2018-05-21 00:03:51.789  INFO 16264 --- [main] s.w.s.m.m.a.RequestMappingHandlerMapping : Mapped "{[/admin/menus/remove],methods=[GET]}" onto public java.lang.String lingjia.wang.web.controller.admin.MenuController.removeMenu(java.lang.Long)
2018-05-21 00:03:51.793  INFO 16264 --- [main] s.w.s.m.m.a.RequestMappingHandlerMapping : Mapped "{[/admin/menus],methods=[GET]}" onto public java.lang.String lingjia.wang.web.controller.admin.MenuController.menus(org.springframework.ui.Model)
2018-05-21 00:03:51.794  INFO 16264 --- [main] s.w.s.m.m.a.RequestMappingHandlerMapping : Mapped "{[/admin/option],methods=[GET]}" onto public java.lang.String lingjia.wang.web.controller.admin.OptionController.options()
2018-05-21 00:03:51.794  INFO 16264 --- [main] s.w.s.m.m.a.RequestMappingHandlerMapping : Mapped "{[/admin/option/save],methods=[POST]}" onto public boolean lingjia.wang.web.controller.admin.OptionController.saveOptions(java.util.Map<java.lang.String, java.lang.String>)
2018-05-21 00:03:51.794  INFO 16264 --- [main] s.w.s.m.m.a.RequestMappingHandlerMapping : Mapped "{[/admin/page/links/remove],methods=[GET]}" onto public java.lang.String lingjia.wang.web.controller.admin.PageController.removeLink(java.lang.Long)
2018-05-21 00:03:51.794  INFO 16264 --- [main] s.w.s.m.m.a.RequestMappingHandlerMapping : Mapped "{[/admin/page/gallery/remove],methods=[GET]}" onto public boolean lingjia.wang.web.controller.admin.PageController.removeGallery(java.lang.Long)
2018-05-21 00:03:51.799  INFO 16264 --- [main] s.w.s.m.m.a.RequestMappingHandlerMapping : Mapped "{[/admin/page/edit],methods=[GET]}" onto public java.lang.String lingjia.wang.web.controller.admin.PageController.editPage(java.lang.Long,org.springframework.ui.Model)
2018-05-21 00:03:51.799  INFO 16264 --- [main] s.w.s.m.m.a.RequestMappingHandlerMapping : Mapped "{[/admin/page],methods=[GET]}" onto public java.lang.String lingjia.wang.web.controller.admin.PageController.pages(org.springframework.ui.Model)
2018-05-21 00:03:51.799  INFO 16264 --- [main] s.w.s.m.m.a.RequestMappingHandlerMapping : Mapped "{[/admin/page/checkUrl],methods=[GET]}" onto public boolean lingjia.wang.web.controller.admin.PageController.checkUrlExists(java.lang.String)
2018-05-21 00:03:51.799  INFO 16264 --- [main] s.w.s.m.m.a.RequestMappingHandlerMapping : Mapped "{[/admin/page/links/edit],methods=[GET]}" onto public java.lang.String lingjia.wang.web.controller.admin.PageController.toEditLink(org.springframework.ui.Model,java.lang.Long)
2018-05-21 00:03:51.799  INFO 16264 --- [main] s.w.s.m.m.a.RequestMappingHandlerMapping : Mapped "{[/admin/page/links/save],methods=[POST]}" onto public java.lang.String lingjia.wang.web.controller.admin.PageController.saveLink(lingjia.wang.model.domain.Link)
2018-05-21 00:03:51.799  INFO 16264 --- [main] s.w.s.m.m.a.RequestMappingHandlerMapping : Mapped "{[/admin/page/gallery/save],methods=[POST]}" onto public java.lang.String lingjia.wang.web.controller.admin.PageController.saveGallery(lingjia.wang.model.domain.Gallery)
2018-05-21 00:03:51.799  INFO 16264 --- [main] s.w.s.m.m.a.RequestMappingHandlerMapping : Mapped "{[/admin/page/new],methods=[GET]}" onto public java.lang.String lingjia.wang.web.controller.admin.PageController.newPage()
2018-05-21 00:03:51.799  INFO 16264 --- [main] s.w.s.m.m.a.RequestMappingHandlerMapping : Mapped "{[/admin/page/new/push],methods=[POST]}" onto public void lingjia.wang.web.controller.admin.PageController.pushPage(lingjia.wang.model.domain.Post,javax.servlet.http.HttpSession)
2018-05-21 00:03:51.799  INFO 16264 --- [main] s.w.s.m.m.a.RequestMappingHandlerMapping : Mapped "{[/admin/page/links],methods=[GET]}" onto public java.lang.String lingjia.wang.web.controller.admin.PageController.links()
2018-05-21 00:03:51.799  INFO 16264 --- [main] s.w.s.m.m.a.RequestMappingHandlerMapping : Mapped "{[/admin/page/galleries],methods=[GET]}" onto public java.lang.String lingjia.wang.web.controller.admin.PageController.gallery(org.springframework.ui.Model,java.lang.Integer,java.lang.Integer)
2018-05-21 00:03:51.799  INFO 16264 --- [main] s.w.s.m.m.a.RequestMappingHandlerMapping : Mapped "{[/admin/page/gallery],methods=[GET]}" onto public java.lang.String lingjia.wang.web.controller.admin.PageController.gallery(org.springframework.ui.Model,java.lang.Long)
2018-05-21 00:03:51.804  INFO 16264 --- [main] s.w.s.m.m.a.RequestMappingHandlerMapping : Mapped "{[/admin/posts/revert],methods=[GET]}" onto public java.lang.String lingjia.wang.web.controller.admin.PostController.moveToPublish(java.lang.Long,java.lang.Integer)
2018-05-21 00:03:51.804  INFO 16264 --- [main] s.w.s.m.m.a.RequestMappingHandlerMapping : Mapped "{[/admin/posts/throw],methods=[GET]}" onto public java.lang.String lingjia.wang.web.controller.admin.PostController.moveToTrash(java.lang.Long)
2018-05-21 00:03:51.804  INFO 16264 --- [main] s.w.s.m.m.a.RequestMappingHandlerMapping : Mapped "{[/admin/posts/pushAllToBaidu],methods=[GET]}" onto public boolean lingjia.wang.web.controller.admin.PostController.pushAllToBaidu(java.lang.String)
2018-05-21 00:03:51.805  INFO 16264 --- [main] s.w.s.m.m.a.RequestMappingHandlerMapping : Mapped "{[/admin/posts/view],methods=[GET]}" onto public java.lang.String lingjia.wang.web.controller.admin.PostController.viewPost(java.lang.Long,org.springframework.ui.Model)
2018-05-21 00:03:51.805  INFO 16264 --- [main] s.w.s.m.m.a.RequestMappingHandlerMapping : Mapped "{[/admin/posts/updateSummary],methods=[GET]}" onto public boolean lingjia.wang.web.controller.admin.PostController.updateSummary(java.lang.Integer)
2018-05-21 00:03:51.805  INFO 16264 --- [main] s.w.s.m.m.a.RequestMappingHandlerMapping : Mapped "{[/admin/posts/edit],methods=[GET]}" onto public java.lang.String lingjia.wang.web.controller.admin.PostController.editPost(java.lang.Long,org.springframework.ui.Model)
2018-05-21 00:03:51.805  INFO 16264 --- [main] s.w.s.m.m.a.RequestMappingHandlerMapping : Mapped "{[/admin/posts/remove],methods=[GET]}" onto public java.lang.String lingjia.wang.web.controller.admin.PostController.removePost(java.lang.Long,java.lang.String)
2018-05-21 00:03:51.805  INFO 16264 --- [main] s.w.s.m.m.a.RequestMappingHandlerMapping : Mapped "{[/admin/posts/checkUrl],methods=[GET]}" onto public boolean lingjia.wang.web.controller.admin.PostController.checkUrlExists(java.lang.String)
2018-05-21 00:03:51.805  INFO 16264 --- [main] s.w.s.m.m.a.RequestMappingHandlerMapping : Mapped "{[/admin/posts/search],methods=[POST]}" onto public java.lang.String lingjia.wang.web.controller.admin.PostController.searchPost(org.springframework.ui.Model,java.lang.String,java.lang.Integer,java.lang.Integer)
2018-05-21 00:03:51.805  INFO 16264 --- [main] s.w.s.m.m.a.RequestMappingHandlerMapping : Mapped "{[/admin/posts/new],methods=[GET]}" onto public java.lang.String lingjia.wang.web.controller.admin.PostController.newPost()
2018-05-21 00:03:51.805  INFO 16264 --- [main] s.w.s.m.m.a.RequestMappingHandlerMapping : Mapped "{[/admin/posts/new/push],methods=[POST]}" onto public void lingjia.wang.web.controller.admin.PostController.pushPost(lingjia.wang.model.domain.Post,java.util.List<java.lang.String>,java.lang.String,javax.servlet.http.HttpSession)
2018-05-21 00:03:51.805  INFO 16264 --- [main] s.w.s.m.m.a.RequestMappingHandlerMapping : Mapped "{[/admin/posts],methods=[GET]}" onto public java.lang.String lingjia.wang.web.controller.admin.PostController.posts(org.springframework.ui.Model,java.lang.Integer,java.lang.Integer,java.lang.Integer)
2018-05-21 00:03:51.809  INFO 16264 --- [main] s.w.s.m.m.a.RequestMappingHandlerMapping : Mapped "{[/admin/tag],methods=[GET]}" onto public java.lang.String lingjia.wang.web.controller.admin.TagController.tags()
2018-05-21 00:03:51.809  INFO 16264 --- [main] s.w.s.m.m.a.RequestMappingHandlerMapping : Mapped "{[/admin/tag/save],methods=[POST]}" onto public java.lang.String lingjia.wang.web.controller.admin.TagController.saveTag(lingjia.wang.model.domain.Tag)
2018-05-21 00:03:51.809  INFO 16264 --- [main] s.w.s.m.m.a.RequestMappingHandlerMapping : Mapped "{[/admin/tag/remove],methods=[GET]}" onto public java.lang.String lingjia.wang.web.controller.admin.TagController.removeTag(java.lang.Long)
2018-05-21 00:03:51.809  INFO 16264 --- [main] s.w.s.m.m.a.RequestMappingHandlerMapping : Mapped "{[/admin/tag/edit],methods=[GET]}" onto public java.lang.String lingjia.wang.web.controller.admin.TagController.toEditTag(org.springframework.ui.Model,java.lang.Long)
2018-05-21 00:03:51.809  INFO 16264 --- [main] s.w.s.m.m.a.RequestMappingHandlerMapping : Mapped "{[/admin/tag/checkUrl],methods=[GET]}" onto public boolean lingjia.wang.web.controller.admin.TagController.checkTagUrlExists(java.lang.String)
2018-05-21 00:03:51.813  INFO 16264 --- [main] s.w.s.m.m.a.RequestMappingHandlerMapping : Mapped "{[/admin/themes/editor],methods=[GET]}" onto public java.lang.String lingjia.wang.web.controller.admin.ThemeController.editor(org.springframework.ui.Model)
2018-05-21 00:03:51.813  INFO 16264 --- [main] s.w.s.m.m.a.RequestMappingHandlerMapping : Mapped "{[/admin/themes/upload],methods=[POST]}" onto public boolean lingjia.wang.web.controller.admin.ThemeController.uploadTheme(org.springframework.web.multipart.MultipartFile,org.apache.catalina.servlet4preview.http.HttpServletRequest)
2018-05-21 00:03:51.813  INFO 16264 --- [main] s.w.s.m.m.a.RequestMappingHandlerMapping : Mapped "{[/admin/themes/getTpl],methods=[GET],produces=[text/text;charset=UTF-8]}" onto public java.lang.String lingjia.wang.web.controller.admin.ThemeController.getTplContent(java.lang.String)
2018-05-21 00:03:51.814  INFO 16264 --- [main] s.w.s.m.m.a.RequestMappingHandlerMapping : Mapped "{[/admin/themes/remove],methods=[GET]}" onto public java.lang.String lingjia.wang.web.controller.admin.ThemeController.removeTheme(java.lang.String)
2018-05-21 00:03:51.814  INFO 16264 --- [main] s.w.s.m.m.a.RequestMappingHandlerMapping : Mapped "{[/admin/themes/set],methods=[GET]}" onto public boolean lingjia.wang.web.controller.admin.ThemeController.activeTheme(java.lang.String,org.apache.catalina.servlet4preview.http.HttpServletRequest)
2018-05-21 00:03:51.814  INFO 16264 --- [main] s.w.s.m.m.a.RequestMappingHandlerMapping : Mapped "{[/admin/themes/editor/save],methods=[POST]}" onto public boolean lingjia.wang.web.controller.admin.ThemeController.saveTpl(java.lang.String,java.lang.String)
2018-05-21 00:03:51.814  INFO 16264 --- [main] s.w.s.m.m.a.RequestMappingHandlerMapping : Mapped "{[/admin/themes/options],methods=[GET]}" onto public java.lang.String lingjia.wang.web.controller.admin.ThemeController.setting(org.springframework.ui.Model,java.lang.String)
2018-05-21 00:03:51.814  INFO 16264 --- [main] s.w.s.m.m.a.RequestMappingHandlerMapping : Mapped "{[/admin/themes],methods=[GET]}" onto public java.lang.String lingjia.wang.web.controller.admin.ThemeController.themes(org.springframework.ui.Model)
2018-05-21 00:03:51.820  INFO 16264 --- [main] s.w.s.m.m.a.RequestMappingHandlerMapping : Mapped "{[/admin/profile],methods=[GET]}" onto public java.lang.String lingjia.wang.web.controller.admin.UserController.profile()
2018-05-21 00:03:51.820  INFO 16264 --- [main] s.w.s.m.m.a.RequestMappingHandlerMapping : Mapped "{[/admin/profile/changePass],methods=[POST]}" onto public boolean lingjia.wang.web.controller.admin.UserController.changePass(java.lang.String,java.lang.String,java.lang.Long,javax.servlet.http.HttpSession)
2018-05-21 00:03:51.821  INFO 16264 --- [main] s.w.s.m.m.a.RequestMappingHandlerMapping : Mapped "{[/admin/profile/save],methods=[POST]}" onto public boolean lingjia.wang.web.controller.admin.UserController.saveProfile(lingjia.wang.base.domain.User,javax.servlet.http.HttpSession)
2018-05-21 00:03:51.821  INFO 16264 --- [main] s.w.s.m.m.a.RequestMappingHandlerMapping : Mapped "{[/install],methods=[GET]}" onto public java.lang.String lingjia.wang.web.controller.core.InstallController.install(org.springframework.ui.Model)
2018-05-21 00:03:51.821  INFO 16264 --- [main] s.w.s.m.m.a.RequestMappingHandlerMapping : Mapped "{[/install/do],methods=[POST]}" onto public boolean lingjia.wang.web.controller.core.InstallController.doInstall(java.lang.String,java.lang.String,java.lang.String,java.lang.String,java.lang.String,java.lang.String,javax.servlet.http.HttpServletRequest)
2018-05-21 00:03:51.821  INFO 16264 --- [main] s.w.s.m.m.a.RequestMappingHandlerMapping : Mapped "{[/archives/{postUrl}],methods=[GET]}" onto public java.lang.String lingjia.wang.web.controller.front.FrontArchiveController.getPost(java.lang.String,org.springframework.ui.Model)
2018-05-21 00:03:51.821  INFO 16264 --- [main] s.w.s.m.m.a.RequestMappingHandlerMapping : Mapped "{[/archives/{year}/{month}],methods=[GET]}" onto public java.lang.String lingjia.wang.web.controller.front.FrontArchiveController.archives(org.springframework.ui.Model,java.lang.String,java.lang.String)
2018-05-21 00:03:51.821  INFO 16264 --- [main] s.w.s.m.m.a.RequestMappingHandlerMapping : Mapped "{[/archives/page/{page}],methods=[GET]}" onto public java.lang.String lingjia.wang.web.controller.front.FrontArchiveController.archives(org.springframework.ui.Model,java.lang.Integer)
2018-05-21 00:03:51.821  INFO 16264 --- [main] s.w.s.m.m.a.RequestMappingHandlerMapping : Mapped "{[/archives],methods=[GET]}" onto public java.lang.String lingjia.wang.web.controller.front.FrontArchiveController.archives(org.springframework.ui.Model)
2018-05-21 00:03:51.825  INFO 16264 --- [main] s.w.s.m.m.a.RequestMappingHandlerMapping : Mapped "{[/categories/{cateUrl}/page/{page}],methods=[GET]}" onto public java.lang.String lingjia.wang.web.controller.front.FrontCategoryController.categories(org.springframework.ui.Model,java.lang.String,java.lang.Integer)
2018-05-21 00:03:51.825  INFO 16264 --- [main] s.w.s.m.m.a.RequestMappingHandlerMapping : Mapped "{[/categories/{cateUrl}],methods=[GET]}" onto public java.lang.String lingjia.wang.web.controller.front.FrontCategoryController.categories(org.springframework.ui.Model,java.lang.String)
2018-05-21 00:03:51.826  INFO 16264 --- [main] s.w.s.m.m.a.RequestMappingHandlerMapping : Mapped "{[/getComment/{postId}],methods=[GET],produces=[application/json;charset=UTF-8]}" onto public java.util.List<lingjia.wang.model.domain.Comment> lingjia.wang.web.controller.front.FrontCommentController.getComment(java.lang.Long)
2018-05-21 00:03:51.826  INFO 16264 --- [main] s.w.s.m.m.a.RequestMappingHandlerMapping : Mapped "{[/loadComment],methods=[GET]}" onto public java.util.List<lingjia.wang.model.domain.Comment> lingjia.wang.web.controller.front.FrontCommentController.loadComment(java.lang.Integer,lingjia.wang.model.domain.Post)
2018-05-21 00:03:51.826  INFO 16264 --- [main] s.w.s.m.m.a.RequestMappingHandlerMapping : Mapped "{[/newComment],methods=[POST]}" onto public boolean lingjia.wang.web.controller.front.FrontCommentController.newComment(lingjia.wang.model.domain.Comment,lingjia.wang.model.domain.Post,javax.servlet.http.HttpServletRequest)
2018-05-21 00:03:51.827  INFO 16264 --- [main] s.w.s.m.m.a.RequestMappingHandlerMapping : Mapped "{[/page/{page} || /index/page/{page}],methods=[GET]}" onto public java.lang.String lingjia.wang.web.controller.front.FrontIndexController.index(org.springframework.ui.Model,java.lang.Integer)
2018-05-21 00:03:51.827  INFO 16264 --- [main] s.w.s.m.m.a.RequestMappingHandlerMapping : Mapped "{[/ || /index],methods=[GET]}" onto public java.lang.String lingjia.wang.web.controller.front.FrontIndexController.index(org.springframework.ui.Model)
2018-05-21 00:03:51.827  INFO 16264 --- [main] s.w.s.m.m.a.RequestMappingHandlerMapping : Mapped "{[/search || /index/search],methods=[GET]}" onto public java.lang.String lingjia.wang.web.controller.front.FrontIndexController.search(java.lang.String,org.springframework.ui.Model)
2018-05-21 00:03:51.827  INFO 16264 --- [main] s.w.s.m.m.a.RequestMappingHandlerMapping : Mapped "{[/next || /index/next],methods=[GET]}" onto public java.util.List<lingjia.wang.model.domain.Post> lingjia.wang.web.controller.front.FrontIndexController.ajaxIndex(java.lang.Integer)
2018-05-21 00:03:51.827  INFO 16264 --- [main] s.w.s.m.m.a.RequestMappingHandlerMapping : Mapped "{[/feed || /feed.xml || /atom || /atom.xml],methods=[GET],produces=[application/xml;charset=UTF-8]}" onto public java.lang.String lingjia.wang.web.controller.front.FrontOthersController.feed()
2018-05-21 00:03:51.827  INFO 16264 --- [main] s.w.s.m.m.a.RequestMappingHandlerMapping : Mapped "{[/sitemap || /sitemap.xml],methods=[GET],produces=[application/xml;charset=UTF-8]}" onto public java.lang.String lingjia.wang.web.controller.front.FrontOthersController.siteMap()
2018-05-21 00:03:51.827  INFO 16264 --- [main] s.w.s.m.m.a.RequestMappingHandlerMapping : Mapped "{[/p/{postUrl}],methods=[GET]}" onto public java.lang.String lingjia.wang.web.controller.front.FrontPageController.getPage(java.lang.String,org.springframework.ui.Model)
2018-05-21 00:03:51.827  INFO 16264 --- [main] s.w.s.m.m.a.RequestMappingHandlerMapping : Mapped "{[/links],methods=[GET]}" onto public java.lang.String lingjia.wang.web.controller.front.FrontPageController.links()
2018-05-21 00:03:51.831  INFO 16264 --- [main] s.w.s.m.m.a.RequestMappingHandlerMapping : Mapped "{[/gallery],methods=[GET]}" onto public java.lang.String lingjia.wang.web.controller.front.FrontPageController.gallery(org.springframework.ui.Model)
2018-05-21 00:03:51.831  INFO 16264 --- [main] s.w.s.m.m.a.RequestMappingHandlerMapping : Mapped "{[/tags/{tagUrl}/page/{page}],methods=[GET]}" onto public java.lang.String lingjia.wang.web.controller.front.FrontTagController.tags(org.springframework.ui.Model,java.lang.String,java.lang.Integer)
2018-05-21 00:03:51.831  INFO 16264 --- [main] s.w.s.m.m.a.RequestMappingHandlerMapping : Mapped "{[/tags/{tagUrl}],methods=[GET]}" onto public java.lang.String lingjia.wang.web.controller.front.FrontTagController.tags(org.springframework.ui.Model,java.lang.String)
2018-05-21 00:03:51.831  INFO 16264 --- [main] s.w.s.m.m.a.RequestMappingHandlerMapping : Mapped "{[/tags],methods=[GET]}" onto public java.lang.String lingjia.wang.web.controller.front.FrontTagController.tags()
2018-05-21 00:03:51.837  INFO 16264 --- [main] s.w.s.m.m.a.RequestMappingHandlerMapping : Mapped "{[/error]}" onto public org.springframework.http.ResponseEntity<java.util.Map<java.lang.String, java.lang.Object>> org.springframework.boot.autoconfigure.web.servlet.error.BasicErrorController.error(javax.servlet.http.HttpServletRequest)
2018-05-21 00:03:51.837  INFO 16264 --- [main] s.w.s.m.m.a.RequestMappingHandlerMapping : Mapped "{[/error],produces=[text/html]}" onto public org.springframework.web.servlet.ModelAndView org.springframework.boot.autoconfigure.web.servlet.error.BasicErrorController.errorHtml(javax.servlet.http.HttpServletRequest,javax.servlet.http.HttpServletResponse)
2018-05-21 00:03:52.029  INFO 16264 --- [main] o.s.w.s.handler.SimpleUrlHandlerMapping  : Mapped URL path [/static/**] onto handler of type [class org.springframework.web.servlet.resource.ResourceHttpRequestHandler]
2018-05-21 00:03:52.029  INFO 16264 --- [main] o.s.w.s.handler.SimpleUrlHandlerMapping  : Mapped URL path [/**] onto handler of type [class org.springframework.web.servlet.resource.ResourceHttpRequestHandler]
2018-05-21 00:03:52.029  INFO 16264 --- [main] o.s.w.s.handler.SimpleUrlHandlerMapping  : Mapped URL path [/upload/**] onto handler of type [class org.springframework.web.servlet.resource.ResourceHttpRequestHandler]
2018-05-21 00:03:52.236  INFO 16264 --- [main] s.w.s.m.m.a.RequestMappingHandlerAdapter : Looking for @ControllerAdvice: org.springframework.boot.web.servlet.context.AnnotationConfigServletWebServerApplicationContext@5ba88be8: startup date [Mon May 21 00:03:41 CST 2018]; root of context hierarchy
2018-05-21 00:03:53.487  INFO 16264 --- [main] o.s.j.e.a.AnnotationMBeanExporter        : Registering beans for JMX exposure on startup
2018-05-21 00:03:53.493  INFO 16264 --- [main] o.s.j.e.a.AnnotationMBeanExporter        : Bean with name 'statFilter' has been autodetected for JMX exposure
2018-05-21 00:03:53.496  INFO 16264 --- [main] o.s.j.e.a.AnnotationMBeanExporter        : Bean with name 'dataSource' has been autodetected for JMX exposure
2018-05-21 00:03:53.504  INFO 16264 --- [main] o.s.j.e.a.AnnotationMBeanExporter        : Located MBean 'dataSource': registering with JMX server as MBean [com.alibaba.druid.spring.boot.autoconfigure:name=dataSource,type=DruidDataSourceWrapper]
2018-05-21 00:03:53.504  INFO 16264 --- [main] o.s.j.e.a.AnnotationMBeanExporter        : Located MBean 'statFilter': registering with JMX server as MBean [com.alibaba.druid.filter.stat:name=statFilter,type=StatFilter]
2018-05-21 00:03:53.654  INFO 16264 --- [main] o.s.b.w.embedded.tomcat.TomcatWebServer  : Tomcat started on port(s): 8090 (http) with context path ''
2018-05-21 00:03:53.656  INFO 16264 --- [main] lingjia.wang.Application                 : Started Application in 12.836 seconds (JVM running for 13.564)
